<?xml version="1.0" encoding="UTF-8"?>
<testng-results ignored="0" total="1" passed="1" failed="0" skipped="0">
  <reporter-output>
  </reporter-output>
  <suite started-at="2023-07-06T16:22:03 IST" name="Default suite" finished-at="2023-07-06T16:22:22 IST" duration-ms="18739">
    <groups>
    </groups>
    <test started-at="2023-07-06T16:22:03 IST" name="Default test" finished-at="2023-07-06T16:22:22 IST" duration-ms="18739">
      <class name="gcs.Travel">
        <test-method signature="Desk()[pri:0, instance:gcs.Travel@5b8dfcc1]" started-at="2023-07-06T16:22:03 IST" name="Desk" finished-at="2023-07-06T16:22:22 IST" duration-ms="18640" status="PASS">
          <reporter-output>
          </reporter-output>
        </test-method> <!-- Desk -->
      </class> <!-- gcs.Travel -->
    </test> <!-- Default test -->
  </suite> <!-- Default suite -->
</testng-results>
